[23:40:40] [ServerMain/INFO]: Environment: authHost='https://authserver.mojang.com', accountsHost='https://api.mojang.com', sessionHost='https://sessionserver.mojang.com', servicesHost='https://api.minecraftservices.com', name='PROD'
[23:40:41] [ServerMain/INFO]: Loaded 7 recipes
[23:40:41] [ServerMain/INFO]: Loaded 1271 advancements
[23:40:42] [Server thread/INFO]: Starting minecraft server version 1.20.1
[23:40:42] [Server thread/INFO]: Loading properties
[23:40:42] [Server thread/INFO]: Default game type: SURVIVAL
[23:40:42] [Server thread/INFO]: Generating keypair
[23:40:42] [Server thread/INFO]: Starting Minecraft server on 25.38.247.233:25565
[23:40:42] [Server thread/INFO]: Using default channel type
[23:40:42] [Server thread/WARN]: **** SERVER IS RUNNING IN OFFLINE/INSECURE MODE!
[23:40:42] [Server thread/WARN]: The server will make no attempt to authenticate usernames. Beware.
[23:40:42] [Server thread/WARN]: While this makes the game possible to play without internet access, it also opens up the ability for hackers to connect with any username they choose.
[23:40:42] [Server thread/WARN]: To change this, set "online-mode" to "true" in the server.properties file.
[23:40:42] [Server thread/INFO]: Preparing level "world"
[23:40:43] [Server thread/INFO]: Preparing start region for dimension minecraft:overworld
[23:40:44] [Worker-Main-10/INFO]: Preparing spawn area: 0%
[23:40:44] [Worker-Main-1/INFO]: Preparing spawn area: 0%
[23:40:44] [Worker-Main-1/INFO]: Preparing spawn area: 0%
[23:40:44] [Worker-Main-5/INFO]: Preparing spawn area: 0%
[23:40:45] [Worker-Main-6/INFO]: Preparing spawn area: 4%
[23:40:45] [Server thread/INFO]: Time elapsed: 2471 ms
[23:40:45] [Server thread/INFO]: Done (3.307s)! For help, type "help"
